{"E:\\FS#22\\GH\\node-js-goit\\app.js": {"path":"E:\\FS#22\\GH\\node-js-goit\\app.js","statementMap":{"0":{"start":{"line":1,"column":16},"end":{"line":1,"column":34}},"1":{"start":{"line":2,"column":13},"end":{"line":2,"column":28}},"2":{"start":{"line":3,"column":15},"end":{"line":3,"column":32}},"3":{"start":{"line":4,"column":15},"end":{"line":4,"column":32}},"4":{"start":{"line":5,"column":13},"end":{"line":5,"column":28}},"5":{"start":{"line":6,"column":18},"end":{"line":6,"column":47}},"6":{"start":{"line":7,"column":21},"end":{"line":7,"column":51}},"7":{"start":{"line":8,"column":0},"end":{"line":8,"column":27}},"8":{"start":{"line":10,"column":12},"end":{"line":10,"column":21}},"9":{"start":{"line":12,"column":25},"end":{"line":12,"column":53}},"10":{"start":{"line":14,"column":19},"end":{"line":14,"column":47}},"11":{"start":{"line":15,"column":20},"end":{"line":15,"column":49}},"12":{"start":{"line":17,"column":0},"end":{"line":17,"column":64}},"13":{"start":{"line":19,"column":22},"end":{"line":19,"column":72}},"14":{"start":{"line":21,"column":0},"end":{"line":21,"column":18}},"15":{"start":{"line":22,"column":0},"end":{"line":22,"column":60}},"16":{"start":{"line":23,"column":0},"end":{"line":23,"column":16}},"17":{"start":{"line":24,"column":0},"end":{"line":24,"column":40}},"18":{"start":{"line":26,"column":19},"end":{"line":37,"column":2}},"19":{"start":{"line":30,"column":4},"end":{"line":35,"column":7}},"20":{"start":{"line":39,"column":0},"end":{"line":39,"column":29}},"21":{"start":{"line":40,"column":0},"end":{"line":40,"column":33}},"22":{"start":{"line":41,"column":0},"end":{"line":41,"column":35}},"23":{"start":{"line":43,"column":0},"end":{"line":45,"column":3}},"24":{"start":{"line":44,"column":2},"end":{"line":44,"column":49}},"25":{"start":{"line":47,"column":0},"end":{"line":49,"column":3}},"26":{"start":{"line":48,"column":2},"end":{"line":48,"column":63}},"27":{"start":{"line":51,"column":0},"end":{"line":51,"column":21}}},"fnMap":{"0":{"name":"(anonymous_0)","decl":{"start":{"line":29,"column":11},"end":{"line":29,"column":12}},"loc":{"start":{"line":29,"column":31},"end":{"line":36,"column":3}},"line":29},"1":{"name":"(anonymous_1)","decl":{"start":{"line":43,"column":8},"end":{"line":43,"column":9}},"loc":{"start":{"line":43,"column":22},"end":{"line":45,"column":1}},"line":43},"2":{"name":"(anonymous_2)","decl":{"start":{"line":47,"column":8},"end":{"line":47,"column":9}},"loc":{"start":{"line":47,"column":33},"end":{"line":49,"column":1}},"line":47}},"branchMap":{"0":{"loc":{"start":{"line":19,"column":22},"end":{"line":19,"column":72}},"type":"cond-expr","locations":[{"start":{"line":19,"column":57},"end":{"line":19,"column":62}},{"start":{"line":19,"column":65},"end":{"line":19,"column":72}}],"line":19},"1":{"loc":{"start":{"line":22,"column":0},"end":{"line":22,"column":59}},"type":"binary-expr","locations":[{"start":{"line":22,"column":0},"end":{"line":22,"column":25}},{"start":{"line":22,"column":29},"end":{"line":22,"column":59}}],"line":22},"2":{"loc":{"start":{"line":48,"column":13},"end":{"line":48,"column":30}},"type":"binary-expr","locations":[{"start":{"line":48,"column":13},"end":{"line":48,"column":23}},{"start":{"line":48,"column":27},"end":{"line":48,"column":30}}],"line":48}},"s":{"0":2,"1":2,"2":2,"3":2,"4":2,"5":2,"6":2,"7":2,"8":2,"9":2,"10":2,"11":2,"12":2,"13":2,"14":2,"15":2,"16":2,"17":2,"18":2,"19":0,"20":2,"21":2,"22":2,"23":2,"24":0,"25":2,"26":4,"27":2},"f":{"0":0,"1":0,"2":4},"b":{"0":[0,2],"1":[2,0],"2":[4,0]},"_coverageSchema":"1a1c01bbd47fc00a2c39e90264f33305004495a9","hash":"47885ebe98c58c0a35394763b060f0593bebd3ee"}
,"E:\\FS#22\\GH\\node-js-goit\\config\\passport.js": {"path":"E:\\FS#22\\GH\\node-js-goit\\config\\passport.js","statementMap":{"0":{"start":{"line":1,"column":17},"end":{"line":1,"column":36}},"1":{"start":{"line":2,"column":33},"end":{"line":2,"column":56}},"2":{"start":{"line":3,"column":14},"end":{"line":3,"column":39}},"3":{"start":{"line":5,"column":0},"end":{"line":5,"column":27}},"4":{"start":{"line":6,"column":20},"end":{"line":6,"column":42}},"5":{"start":{"line":8,"column":15},"end":{"line":11,"column":1}},"6":{"start":{"line":13,"column":0},"end":{"line":29,"column":2}},"7":{"start":{"line":15,"column":4},"end":{"line":27,"column":5}},"8":{"start":{"line":16,"column":19},"end":{"line":16,"column":51}},"9":{"start":{"line":17,"column":6},"end":{"line":19,"column":7}},"10":{"start":{"line":18,"column":8},"end":{"line":18,"column":49}},"11":{"start":{"line":21,"column":6},"end":{"line":23,"column":7}},"12":{"start":{"line":22,"column":8},"end":{"line":22,"column":33}},"13":{"start":{"line":24,"column":6},"end":{"line":24,"column":30}},"14":{"start":{"line":26,"column":6},"end":{"line":26,"column":16}}},"fnMap":{"0":{"name":"(anonymous_0)","decl":{"start":{"line":14,"column":23},"end":{"line":14,"column":24}},"loc":{"start":{"line":14,"column":48},"end":{"line":28,"column":3}},"line":14}},"branchMap":{"0":{"loc":{"start":{"line":17,"column":6},"end":{"line":19,"column":7}},"type":"if","locations":[{"start":{"line":17,"column":6},"end":{"line":19,"column":7}},{"start":{"line":17,"column":6},"end":{"line":19,"column":7}}],"line":17},"1":{"loc":{"start":{"line":21,"column":6},"end":{"line":23,"column":7}},"type":"if","locations":[{"start":{"line":21,"column":6},"end":{"line":23,"column":7}},{"start":{"line":21,"column":6},"end":{"line":23,"column":7}}],"line":21}},"s":{"0":2,"1":2,"2":2,"3":2,"4":2,"5":2,"6":2,"7":11,"8":11,"9":11,"10":0,"11":11,"12":0,"13":11,"14":0},"f":{"0":11},"b":{"0":[0,11],"1":[0,11]},"_coverageSchema":"1a1c01bbd47fc00a2c39e90264f33305004495a9","hash":"de985424cd3f65033bb01e61258f647013f01570"}
,"E:\\FS#22\\GH\\node-js-goit\\controllers\\cats.js": {"path":"E:\\FS#22\\GH\\node-js-goit\\controllers\\cats.js","statementMap":{"0":{"start":{"line":1,"column":13},"end":{"line":1,"column":37}},"1":{"start":{"line":2,"column":21},"end":{"line":2,"column":52}},"2":{"start":{"line":4,"column":15},"end":{"line":18,"column":1}},"3":{"start":{"line":5,"column":2},"end":{"line":17,"column":3}},"4":{"start":{"line":6,"column":19},"end":{"line":6,"column":36}},"5":{"start":{"line":7,"column":17},"end":{"line":7,"column":53}},"6":{"start":{"line":8,"column":4},"end":{"line":14,"column":7}},"7":{"start":{"line":16,"column":4},"end":{"line":16,"column":12}},"8":{"start":{"line":20,"column":16},"end":{"line":42,"column":1}},"9":{"start":{"line":21,"column":2},"end":{"line":41,"column":3}},"10":{"start":{"line":22,"column":19},"end":{"line":22,"column":36}},"11":{"start":{"line":23,"column":16},"end":{"line":23,"column":57}},"12":{"start":{"line":24,"column":4},"end":{"line":38,"column":5}},"13":{"start":{"line":25,"column":6},"end":{"line":31,"column":9}},"14":{"start":{"line":33,"column":6},"end":{"line":37,"column":9}},"15":{"start":{"line":40,"column":4},"end":{"line":40,"column":12}},"16":{"start":{"line":44,"column":15},"end":{"line":58,"column":1}},"17":{"start":{"line":45,"column":2},"end":{"line":57,"column":3}},"18":{"start":{"line":46,"column":19},"end":{"line":46,"column":36}},"19":{"start":{"line":47,"column":16},"end":{"line":47,"column":65}},"20":{"start":{"line":48,"column":4},"end":{"line":54,"column":7}},"21":{"start":{"line":56,"column":4},"end":{"line":56,"column":12}},"22":{"start":{"line":60,"column":15},"end":{"line":82,"column":1}},"23":{"start":{"line":61,"column":2},"end":{"line":81,"column":3}},"24":{"start":{"line":62,"column":19},"end":{"line":62,"column":36}},"25":{"start":{"line":63,"column":16},"end":{"line":63,"column":56}},"26":{"start":{"line":64,"column":4},"end":{"line":78,"column":5}},"27":{"start":{"line":65,"column":6},"end":{"line":71,"column":9}},"28":{"start":{"line":73,"column":6},"end":{"line":77,"column":9}},"29":{"start":{"line":80,"column":4},"end":{"line":80,"column":12}},"30":{"start":{"line":84,"column":15},"end":{"line":106,"column":1}},"31":{"start":{"line":85,"column":2},"end":{"line":105,"column":3}},"32":{"start":{"line":86,"column":19},"end":{"line":86,"column":36}},"33":{"start":{"line":87,"column":16},"end":{"line":87,"column":66}},"34":{"start":{"line":88,"column":4},"end":{"line":102,"column":5}},"35":{"start":{"line":89,"column":6},"end":{"line":95,"column":9}},"36":{"start":{"line":97,"column":6},"end":{"line":101,"column":9}},"37":{"start":{"line":104,"column":4},"end":{"line":104,"column":12}},"38":{"start":{"line":108,"column":21},"end":{"line":130,"column":1}},"39":{"start":{"line":109,"column":2},"end":{"line":129,"column":3}},"40":{"start":{"line":110,"column":19},"end":{"line":110,"column":36}},"41":{"start":{"line":111,"column":16},"end":{"line":111,"column":66}},"42":{"start":{"line":112,"column":4},"end":{"line":126,"column":5}},"43":{"start":{"line":113,"column":6},"end":{"line":119,"column":9}},"44":{"start":{"line":121,"column":6},"end":{"line":125,"column":9}},"45":{"start":{"line":128,"column":4},"end":{"line":128,"column":12}},"46":{"start":{"line":132,"column":0},"end":{"line":139,"column":2}}},"fnMap":{"0":{"name":"(anonymous_0)","decl":{"start":{"line":4,"column":15},"end":{"line":4,"column":16}},"loc":{"start":{"line":4,"column":41},"end":{"line":18,"column":1}},"line":4},"1":{"name":"(anonymous_1)","decl":{"start":{"line":20,"column":16},"end":{"line":20,"column":17}},"loc":{"start":{"line":20,"column":42},"end":{"line":42,"column":1}},"line":20},"2":{"name":"(anonymous_2)","decl":{"start":{"line":44,"column":15},"end":{"line":44,"column":16}},"loc":{"start":{"line":44,"column":41},"end":{"line":58,"column":1}},"line":44},"3":{"name":"(anonymous_3)","decl":{"start":{"line":60,"column":15},"end":{"line":60,"column":16}},"loc":{"start":{"line":60,"column":41},"end":{"line":82,"column":1}},"line":60},"4":{"name":"(anonymous_4)","decl":{"start":{"line":84,"column":15},"end":{"line":84,"column":16}},"loc":{"start":{"line":84,"column":41},"end":{"line":106,"column":1}},"line":84},"5":{"name":"(anonymous_5)","decl":{"start":{"line":108,"column":21},"end":{"line":108,"column":22}},"loc":{"start":{"line":108,"column":47},"end":{"line":130,"column":1}},"line":108}},"branchMap":{"0":{"loc":{"start":{"line":24,"column":4},"end":{"line":38,"column":5}},"type":"if","locations":[{"start":{"line":24,"column":4},"end":{"line":38,"column":5}},{"start":{"line":24,"column":4},"end":{"line":38,"column":5}}],"line":24},"1":{"loc":{"start":{"line":64,"column":4},"end":{"line":78,"column":5}},"type":"if","locations":[{"start":{"line":64,"column":4},"end":{"line":78,"column":5}},{"start":{"line":64,"column":4},"end":{"line":78,"column":5}}],"line":64},"2":{"loc":{"start":{"line":88,"column":4},"end":{"line":102,"column":5}},"type":"if","locations":[{"start":{"line":88,"column":4},"end":{"line":102,"column":5}},{"start":{"line":88,"column":4},"end":{"line":102,"column":5}}],"line":88},"3":{"loc":{"start":{"line":112,"column":4},"end":{"line":126,"column":5}},"type":"if","locations":[{"start":{"line":112,"column":4},"end":{"line":126,"column":5}},{"start":{"line":112,"column":4},"end":{"line":126,"column":5}}],"line":112}},"s":{"0":2,"1":2,"2":2,"3":1,"4":1,"5":1,"6":1,"7":0,"8":2,"9":2,"10":2,"11":2,"12":2,"13":1,"14":1,"15":0,"16":2,"17":1,"18":1,"19":1,"20":1,"21":0,"22":2,"23":0,"24":0,"25":0,"26":0,"27":0,"28":0,"29":0,"30":2,"31":2,"32":2,"33":2,"34":2,"35":1,"36":1,"37":0,"38":2,"39":0,"40":0,"41":0,"42":0,"43":0,"44":0,"45":0,"46":2},"f":{"0":1,"1":2,"2":1,"3":0,"4":2,"5":0},"b":{"0":[1,1],"1":[0,0],"2":[1,1],"3":[0,0]},"_coverageSchema":"1a1c01bbd47fc00a2c39e90264f33305004495a9","hash":"6da4b3e4321c4f94b673dd452bb9e10bd92ab061"}
,"E:\\FS#22\\GH\\node-js-goit\\controllers\\users.js": {"path":"E:\\FS#22\\GH\\node-js-goit\\controllers\\users.js","statementMap":{"0":{"start":{"line":1,"column":12},"end":{"line":1,"column":35}},"1":{"start":{"line":3,"column":11},"end":{"line":3,"column":33}},"2":{"start":{"line":5,"column":22},"end":{"line":5,"column":37}},"3":{"start":{"line":6,"column":19},"end":{"line":6,"column":43}},"4":{"start":{"line":7,"column":0},"end":{"line":7,"column":27}},"5":{"start":{"line":9,"column":14},"end":{"line":9,"column":39}},"6":{"start":{"line":10,"column":21},"end":{"line":10,"column":52}},"7":{"start":{"line":13,"column":20},"end":{"line":13,"column":42}},"8":{"start":{"line":16,"column":0},"end":{"line":20,"column":3}},"9":{"start":{"line":22,"column":20},"end":{"line":22,"column":57}},"10":{"start":{"line":24,"column":12},"end":{"line":50,"column":1}},"11":{"start":{"line":25,"column":2},"end":{"line":49,"column":3}},"12":{"start":{"line":26,"column":22},"end":{"line":26,"column":30}},"13":{"start":{"line":27,"column":17},"end":{"line":27,"column":47}},"14":{"start":{"line":28,"column":4},"end":{"line":35,"column":5}},"15":{"start":{"line":29,"column":6},"end":{"line":34,"column":9}},"16":{"start":{"line":36,"column":20},"end":{"line":36,"column":48}},"17":{"start":{"line":37,"column":4},"end":{"line":46,"column":7}},"18":{"start":{"line":48,"column":4},"end":{"line":48,"column":12}},"19":{"start":{"line":52,"column":14},"end":{"line":80,"column":1}},"20":{"start":{"line":53,"column":2},"end":{"line":79,"column":3}},"21":{"start":{"line":54,"column":32},"end":{"line":54,"column":40}},"22":{"start":{"line":55,"column":17},"end":{"line":55,"column":47}},"23":{"start":{"line":56,"column":28},"end":{"line":56,"column":63}},"24":{"start":{"line":57,"column":4},"end":{"line":64,"column":5}},"25":{"start":{"line":58,"column":6},"end":{"line":63,"column":9}},"26":{"start":{"line":65,"column":15},"end":{"line":65,"column":23}},"27":{"start":{"line":66,"column":20},"end":{"line":66,"column":26}},"28":{"start":{"line":67,"column":18},"end":{"line":67,"column":69}},"29":{"start":{"line":68,"column":4},"end":{"line":68,"column":39}},"30":{"start":{"line":70,"column":4},"end":{"line":76,"column":7}},"31":{"start":{"line":78,"column":4},"end":{"line":78,"column":12}},"32":{"start":{"line":82,"column":15},"end":{"line":86,"column":1}},"33":{"start":{"line":83,"column":17},"end":{"line":83,"column":28}},"34":{"start":{"line":84,"column":2},"end":{"line":84,"column":40}},"35":{"start":{"line":85,"column":2},"end":{"line":85,"column":70}},"36":{"start":{"line":88,"column":16},"end":{"line":106,"column":1}},"37":{"start":{"line":89,"column":2},"end":{"line":105,"column":3}},"38":{"start":{"line":90,"column":15},"end":{"line":90,"column":26}},"39":{"start":{"line":94,"column":8},"end":{"line":94,"column":36}},"40":{"start":{"line":95,"column":4},"end":{"line":95,"column":56}},"41":{"start":{"line":96,"column":4},"end":{"line":102,"column":7}},"42":{"start":{"line":104,"column":4},"end":{"line":104,"column":12}},"43":{"start":{"line":130,"column":26},"end":{"line":146,"column":1}},"44":{"start":{"line":131,"column":19},"end":{"line":131,"column":32}},"45":{"start":{"line":132,"column":17},"end":{"line":136,"column":4}},"46":{"start":{"line":140,"column":2},"end":{"line":144,"column":3}},"47":{"start":{"line":141,"column":4},"end":{"line":141,"column":30}},"48":{"start":{"line":143,"column":4},"end":{"line":143,"column":27}},"49":{"start":{"line":145,"column":2},"end":{"line":145,"column":16}},"50":{"start":{"line":148,"column":0},"end":{"line":148,"column":49}}},"fnMap":{"0":{"name":"(anonymous_0)","decl":{"start":{"line":24,"column":12},"end":{"line":24,"column":13}},"loc":{"start":{"line":24,"column":38},"end":{"line":50,"column":1}},"line":24},"1":{"name":"(anonymous_1)","decl":{"start":{"line":52,"column":14},"end":{"line":52,"column":15}},"loc":{"start":{"line":52,"column":40},"end":{"line":80,"column":1}},"line":52},"2":{"name":"(anonymous_2)","decl":{"start":{"line":82,"column":15},"end":{"line":82,"column":16}},"loc":{"start":{"line":82,"column":41},"end":{"line":86,"column":1}},"line":82},"3":{"name":"(anonymous_3)","decl":{"start":{"line":88,"column":16},"end":{"line":88,"column":17}},"loc":{"start":{"line":88,"column":42},"end":{"line":106,"column":1}},"line":88},"4":{"name":"(anonymous_4)","decl":{"start":{"line":130,"column":26},"end":{"line":130,"column":27}},"loc":{"start":{"line":130,"column":41},"end":{"line":146,"column":1}},"line":130}},"branchMap":{"0":{"loc":{"start":{"line":28,"column":4},"end":{"line":35,"column":5}},"type":"if","locations":[{"start":{"line":28,"column":4},"end":{"line":35,"column":5}},{"start":{"line":28,"column":4},"end":{"line":35,"column":5}}],"line":28},"1":{"loc":{"start":{"line":57,"column":4},"end":{"line":64,"column":5}},"type":"if","locations":[{"start":{"line":57,"column":4},"end":{"line":64,"column":5}},{"start":{"line":57,"column":4},"end":{"line":64,"column":5}}],"line":57},"2":{"loc":{"start":{"line":57,"column":8},"end":{"line":57,"column":33}},"type":"binary-expr","locations":[{"start":{"line":57,"column":8},"end":{"line":57,"column":13}},{"start":{"line":57,"column":17},"end":{"line":57,"column":33}}],"line":57}},"s":{"0":2,"1":2,"2":2,"3":2,"4":2,"5":2,"6":2,"7":2,"8":2,"9":2,"10":2,"11":2,"12":2,"13":2,"14":2,"15":1,"16":1,"17":1,"18":0,"19":2,"20":2,"21":2,"22":2,"23":2,"24":2,"25":1,"26":1,"27":1,"28":1,"29":1,"30":1,"31":0,"32":2,"33":0,"34":0,"35":0,"36":2,"37":1,"38":1,"39":1,"40":1,"41":1,"42":0,"43":2,"44":1,"45":1,"46":1,"47":1,"48":0,"49":1,"50":2},"f":{"0":2,"1":2,"2":0,"3":1,"4":1},"b":{"0":[1,1],"1":[1,1],"2":[2,1]},"_coverageSchema":"1a1c01bbd47fc00a2c39e90264f33305004495a9","hash":"30c5e044c90d3d56e845e2da522a2e274a2bc8bd"}
,"E:\\FS#22\\GH\\node-js-goit\\helpers\\constants.js": {"path":"E:\\FS#22\\GH\\node-js-goit\\helpers\\constants.js","statementMap":{"0":{"start":{"line":1,"column":12},"end":{"line":5,"column":1}},"1":{"start":{"line":7,"column":17},"end":{"line":16,"column":1}},"2":{"start":{"line":18,"column":0},"end":{"line":21,"column":2}}},"fnMap":{},"branchMap":{},"s":{"0":2,"1":2,"2":2},"f":{},"b":{},"_coverageSchema":"1a1c01bbd47fc00a2c39e90264f33305004495a9","hash":"873fc8bdd47a5a436426ce445e6aaa17aca48235"}
,"E:\\FS#22\\GH\\node-js-goit\\helpers\\create-dir.js": {"path":"E:\\FS#22\\GH\\node-js-goit\\helpers\\create-dir.js","statementMap":{"0":{"start":{"line":1,"column":11},"end":{"line":1,"column":33}},"1":{"start":{"line":3,"column":21},"end":{"line":8,"column":1}},"2":{"start":{"line":4,"column":2},"end":{"line":7,"column":24}},"3":{"start":{"line":6,"column":16},"end":{"line":6,"column":20}},"4":{"start":{"line":7,"column":17},"end":{"line":7,"column":22}},"5":{"start":{"line":10,"column":28},"end":{"line":14,"column":1}},"6":{"start":{"line":11,"column":2},"end":{"line":13,"column":3}},"7":{"start":{"line":12,"column":4},"end":{"line":12,"column":27}},"8":{"start":{"line":16,"column":0},"end":{"line":16,"column":37}}},"fnMap":{"0":{"name":"(anonymous_0)","decl":{"start":{"line":3,"column":21},"end":{"line":3,"column":22}},"loc":{"start":{"line":3,"column":31},"end":{"line":8,"column":1}},"line":3},"1":{"name":"(anonymous_1)","decl":{"start":{"line":6,"column":10},"end":{"line":6,"column":11}},"loc":{"start":{"line":6,"column":16},"end":{"line":6,"column":20}},"line":6},"2":{"name":"(anonymous_2)","decl":{"start":{"line":7,"column":11},"end":{"line":7,"column":12}},"loc":{"start":{"line":7,"column":17},"end":{"line":7,"column":22}},"line":7},"3":{"name":"(anonymous_3)","decl":{"start":{"line":10,"column":28},"end":{"line":10,"column":29}},"loc":{"start":{"line":10,"column":46},"end":{"line":14,"column":1}},"line":10}},"branchMap":{"0":{"loc":{"start":{"line":11,"column":2},"end":{"line":13,"column":3}},"type":"if","locations":[{"start":{"line":11,"column":2},"end":{"line":13,"column":3}},{"start":{"line":11,"column":2},"end":{"line":13,"column":3}}],"line":11}},"s":{"0":1,"1":1,"2":2,"3":2,"4":0,"5":1,"6":2,"7":0,"8":1},"f":{"0":2,"1":2,"2":0,"3":2},"b":{"0":[0,2]},"_coverageSchema":"1a1c01bbd47fc00a2c39e90264f33305004495a9","hash":"3d7c0e668d342f368b57f861f8636956d004141c"}
,"E:\\FS#22\\GH\\node-js-goit\\helpers\\guard.js": {"path":"E:\\FS#22\\GH\\node-js-goit\\helpers\\guard.js","statementMap":{"0":{"start":{"line":1,"column":17},"end":{"line":1,"column":36}},"1":{"start":{"line":2,"column":0},"end":{"line":2,"column":30}},"2":{"start":{"line":3,"column":21},"end":{"line":3,"column":43}},"3":{"start":{"line":5,"column":14},"end":{"line":18,"column":20}},"4":{"start":{"line":6,"column":2},"end":{"line":18,"column":20}},"5":{"start":{"line":7,"column":18},"end":{"line":7,"column":57}},"6":{"start":{"line":8,"column":4},"end":{"line":15,"column":5}},"7":{"start":{"line":9,"column":6},"end":{"line":14,"column":9}},"8":{"start":{"line":16,"column":4},"end":{"line":16,"column":20}},"9":{"start":{"line":17,"column":4},"end":{"line":17,"column":18}},"10":{"start":{"line":20,"column":0},"end":{"line":20,"column":23}}},"fnMap":{"0":{"name":"(anonymous_0)","decl":{"start":{"line":5,"column":14},"end":{"line":5,"column":15}},"loc":{"start":{"line":6,"column":2},"end":{"line":18,"column":20}},"line":6},"1":{"name":"(anonymous_1)","decl":{"start":{"line":6,"column":51},"end":{"line":6,"column":52}},"loc":{"start":{"line":6,"column":66},"end":{"line":18,"column":3}},"line":6}},"branchMap":{"0":{"loc":{"start":{"line":8,"column":4},"end":{"line":15,"column":5}},"type":"if","locations":[{"start":{"line":8,"column":4},"end":{"line":15,"column":5}},{"start":{"line":8,"column":4},"end":{"line":15,"column":5}}],"line":8},"1":{"loc":{"start":{"line":8,"column":8},"end":{"line":8,"column":44}},"type":"binary-expr","locations":[{"start":{"line":8,"column":8},"end":{"line":8,"column":13}},{"start":{"line":8,"column":17},"end":{"line":8,"column":20}},{"start":{"line":8,"column":24},"end":{"line":8,"column":44}}],"line":8}},"s":{"0":2,"1":2,"2":2,"3":2,"4":11,"5":11,"6":11,"7":0,"8":11,"9":11,"10":2},"f":{"0":11,"1":11},"b":{"0":[0,11],"1":[11,11,11]},"_coverageSchema":"1a1c01bbd47fc00a2c39e90264f33305004495a9","hash":"0a738fc1d75c555a011cc8c386a20f1f33096cbb"}
,"E:\\FS#22\\GH\\node-js-goit\\helpers\\rate-limit-req.js": {"path":"E:\\FS#22\\GH\\node-js-goit\\helpers\\rate-limit-req.js","statementMap":{"0":{"start":{"line":1,"column":18},"end":{"line":1,"column":47}},"1":{"start":{"line":2,"column":21},"end":{"line":2,"column":43}},"2":{"start":{"line":4,"column":29},"end":{"line":15,"column":2}},"3":{"start":{"line":8,"column":4},"end":{"line":13,"column":7}},"4":{"start":{"line":17,"column":0},"end":{"line":17,"column":42}}},"fnMap":{"0":{"name":"(anonymous_0)","decl":{"start":{"line":7,"column":11},"end":{"line":7,"column":12}},"loc":{"start":{"line":7,"column":31},"end":{"line":14,"column":3}},"line":7}},"branchMap":{},"s":{"0":2,"1":2,"2":2,"3":0,"4":2},"f":{"0":0},"b":{},"_coverageSchema":"1a1c01bbd47fc00a2c39e90264f33305004495a9","hash":"2073008b0f1b968e62b3429d61c62058534ca47f"}
,"E:\\FS#22\\GH\\node-js-goit\\helpers\\upload.js": {"path":"E:\\FS#22\\GH\\node-js-goit\\helpers\\upload.js","statementMap":{"0":{"start":{"line":1,"column":15},"end":{"line":1,"column":32}},"1":{"start":{"line":2,"column":13},"end":{"line":2,"column":28}},"2":{"start":{"line":3,"column":0},"end":{"line":3,"column":27}},"3":{"start":{"line":5,"column":19},"end":{"line":5,"column":67}},"4":{"start":{"line":7,"column":16},"end":{"line":14,"column":2}},"5":{"start":{"line":9,"column":4},"end":{"line":9,"column":25}},"6":{"start":{"line":12,"column":4},"end":{"line":12,"column":32}},"7":{"start":{"line":16,"column":15},"end":{"line":30,"column":2}},"8":{"start":{"line":20,"column":4},"end":{"line":25,"column":5}},"9":{"start":{"line":23,"column":6},"end":{"line":23,"column":21}},"10":{"start":{"line":24,"column":6},"end":{"line":24,"column":13}},"11":{"start":{"line":28,"column":4},"end":{"line":28,"column":20}},"12":{"start":{"line":32,"column":0},"end":{"line":32,"column":24}}},"fnMap":{"0":{"name":"(anonymous_0)","decl":{"start":{"line":8,"column":15},"end":{"line":8,"column":16}},"loc":{"start":{"line":8,"column":40},"end":{"line":10,"column":3}},"line":8},"1":{"name":"(anonymous_1)","decl":{"start":{"line":11,"column":12},"end":{"line":11,"column":13}},"loc":{"start":{"line":11,"column":37},"end":{"line":13,"column":3}},"line":11},"2":{"name":"(anonymous_2)","decl":{"start":{"line":19,"column":14},"end":{"line":19,"column":15}},"loc":{"start":{"line":19,"column":33},"end":{"line":29,"column":3}},"line":19}},"branchMap":{"0":{"loc":{"start":{"line":20,"column":4},"end":{"line":25,"column":5}},"type":"if","locations":[{"start":{"line":20,"column":4},"end":{"line":25,"column":5}},{"start":{"line":20,"column":4},"end":{"line":25,"column":5}}],"line":20}},"s":{"0":2,"1":2,"2":2,"3":2,"4":2,"5":1,"6":1,"7":2,"8":1,"9":1,"10":1,"11":0,"12":2},"f":{"0":1,"1":1,"2":1},"b":{"0":[1,0]},"_coverageSchema":"1a1c01bbd47fc00a2c39e90264f33305004495a9","hash":"30406d2e56f08e0672cb73c440f1ca6647168935"}
,"E:\\FS#22\\GH\\node-js-goit\\routes\\api\\cats\\index.js": {"path":"E:\\FS#22\\GH\\node-js-goit\\routes\\api\\cats\\index.js","statementMap":{"0":{"start":{"line":1,"column":16},"end":{"line":1,"column":34}},"1":{"start":{"line":2,"column":15},"end":{"line":2,"column":31}},"2":{"start":{"line":3,"column":17},"end":{"line":3,"column":40}},"3":{"start":{"line":4,"column":23},"end":{"line":4,"column":59}},"4":{"start":{"line":5,"column":14},"end":{"line":5,"column":47}},"5":{"start":{"line":7,"column":0},"end":{"line":9,"column":63}},"6":{"start":{"line":11,"column":0},"end":{"line":14,"column":67}},"7":{"start":{"line":16,"column":0},"end":{"line":21,"column":2}},"8":{"start":{"line":23,"column":0},"end":{"line":23,"column":24}}},"fnMap":{},"branchMap":{},"s":{"0":2,"1":2,"2":2,"3":2,"4":2,"5":2,"6":2,"7":2,"8":2},"f":{},"b":{},"_coverageSchema":"1a1c01bbd47fc00a2c39e90264f33305004495a9","hash":"5c5ec52ed03c06e2842faeb6c9e374fea9594058"}
,"E:\\FS#22\\GH\\node-js-goit\\routes\\api\\cats\\validation.js": {"path":"E:\\FS#22\\GH\\node-js-goit\\routes\\api\\cats\\validation.js","statementMap":{"0":{"start":{"line":1,"column":12},"end":{"line":1,"column":26}},"1":{"start":{"line":3,"column":24},"end":{"line":7,"column":2}},"2":{"start":{"line":9,"column":24},"end":{"line":13,"column":2}},"3":{"start":{"line":15,"column":30},"end":{"line":17,"column":2}},"4":{"start":{"line":19,"column":21},"end":{"line":21,"column":2}},"5":{"start":{"line":23,"column":17},"end":{"line":33,"column":1}},"6":{"start":{"line":24,"column":20},"end":{"line":24,"column":40}},"7":{"start":{"line":25,"column":2},"end":{"line":31,"column":3}},"8":{"start":{"line":26,"column":26},"end":{"line":26,"column":39}},"9":{"start":{"line":27,"column":4},"end":{"line":30,"column":7}},"10":{"start":{"line":32,"column":2},"end":{"line":32,"column":9}},"11":{"start":{"line":35,"column":0},"end":{"line":37,"column":2}},"12":{"start":{"line":36,"column":2},"end":{"line":36,"column":51}},"13":{"start":{"line":39,"column":0},"end":{"line":41,"column":2}},"14":{"start":{"line":40,"column":2},"end":{"line":40,"column":51}},"15":{"start":{"line":43,"column":0},"end":{"line":45,"column":2}},"16":{"start":{"line":44,"column":2},"end":{"line":44,"column":57}},"17":{"start":{"line":47,"column":0},"end":{"line":49,"column":2}},"18":{"start":{"line":48,"column":2},"end":{"line":48,"column":49}}},"fnMap":{"0":{"name":"(anonymous_0)","decl":{"start":{"line":23,"column":17},"end":{"line":23,"column":18}},"loc":{"start":{"line":23,"column":40},"end":{"line":33,"column":1}},"line":23},"1":{"name":"(anonymous_1)","decl":{"start":{"line":35,"column":27},"end":{"line":35,"column":28}},"loc":{"start":{"line":35,"column":47},"end":{"line":37,"column":1}},"line":35},"2":{"name":"(anonymous_2)","decl":{"start":{"line":39,"column":27},"end":{"line":39,"column":28}},"loc":{"start":{"line":39,"column":47},"end":{"line":41,"column":1}},"line":39},"3":{"name":"(anonymous_3)","decl":{"start":{"line":43,"column":33},"end":{"line":43,"column":34}},"loc":{"start":{"line":43,"column":53},"end":{"line":45,"column":1}},"line":43},"4":{"name":"(anonymous_4)","decl":{"start":{"line":47,"column":23},"end":{"line":47,"column":24}},"loc":{"start":{"line":47,"column":43},"end":{"line":49,"column":1}},"line":47}},"branchMap":{"0":{"loc":{"start":{"line":25,"column":2},"end":{"line":31,"column":3}},"type":"if","locations":[{"start":{"line":25,"column":2},"end":{"line":31,"column":3}},{"start":{"line":25,"column":2},"end":{"line":31,"column":3}}],"line":25}},"s":{"0":2,"1":2,"2":2,"3":2,"4":2,"5":2,"6":7,"7":7,"8":4,"9":4,"10":3,"11":2,"12":4,"13":2,"14":3,"15":2,"16":0,"17":2,"18":0},"f":{"0":7,"1":4,"2":3,"3":0,"4":0},"b":{"0":[4,3]},"_coverageSchema":"1a1c01bbd47fc00a2c39e90264f33305004495a9","hash":"b6f2a6414a2d609ce5f763174a0591cfb8b7af5f"}
,"E:\\FS#22\\GH\\node-js-goit\\routes\\api\\users\\index.js": {"path":"E:\\FS#22\\GH\\node-js-goit\\routes\\api\\users\\index.js","statementMap":{"0":{"start":{"line":1,"column":16},"end":{"line":1,"column":34}},"1":{"start":{"line":2,"column":15},"end":{"line":2,"column":31}},"2":{"start":{"line":3,"column":17},"end":{"line":3,"column":40}},"3":{"start":{"line":4,"column":23},"end":{"line":4,"column":60}},"4":{"start":{"line":5,"column":14},"end":{"line":5,"column":47}},"5":{"start":{"line":6,"column":33},"end":{"line":6,"column":75}},"6":{"start":{"line":7,"column":15},"end":{"line":7,"column":49}},"7":{"start":{"line":9,"column":0},"end":{"line":14,"column":2}},"8":{"start":{"line":15,"column":0},"end":{"line":15,"column":64}},"9":{"start":{"line":16,"column":0},"end":{"line":16,"column":53}},"10":{"start":{"line":17,"column":0},"end":{"line":23,"column":2}},"11":{"start":{"line":25,"column":0},"end":{"line":25,"column":24}}},"fnMap":{},"branchMap":{},"s":{"0":2,"1":2,"2":2,"3":2,"4":2,"5":2,"6":2,"7":2,"8":2,"9":2,"10":2,"11":2},"f":{},"b":{},"_coverageSchema":"1a1c01bbd47fc00a2c39e90264f33305004495a9","hash":"aaaac2461c53c89bb8fe4accbda7e5269594ab7f"}
,"E:\\FS#22\\GH\\node-js-goit\\routes\\api\\users\\validation.js": {"path":"E:\\FS#22\\GH\\node-js-goit\\routes\\api\\users\\validation.js","statementMap":{"0":{"start":{"line":1,"column":12},"end":{"line":1,"column":26}},"1":{"start":{"line":2,"column":21},"end":{"line":2,"column":58}},"2":{"start":{"line":4,"column":31},"end":{"line":9,"column":2}},"3":{"start":{"line":11,"column":24},"end":{"line":14,"column":2}},"4":{"start":{"line":16,"column":17},"end":{"line":26,"column":1}},"5":{"start":{"line":17,"column":20},"end":{"line":17,"column":40}},"6":{"start":{"line":18,"column":2},"end":{"line":24,"column":3}},"7":{"start":{"line":19,"column":26},"end":{"line":19,"column":39}},"8":{"start":{"line":20,"column":4},"end":{"line":23,"column":7}},"9":{"start":{"line":25,"column":2},"end":{"line":25,"column":9}},"10":{"start":{"line":28,"column":0},"end":{"line":30,"column":2}},"11":{"start":{"line":29,"column":2},"end":{"line":29,"column":58}},"12":{"start":{"line":32,"column":0},"end":{"line":34,"column":2}},"13":{"start":{"line":33,"column":2},"end":{"line":33,"column":51}},"14":{"start":{"line":36,"column":0},"end":{"line":46,"column":2}},"15":{"start":{"line":37,"column":2},"end":{"line":44,"column":3}},"16":{"start":{"line":38,"column":4},"end":{"line":43,"column":7}},"17":{"start":{"line":45,"column":2},"end":{"line":45,"column":9}}},"fnMap":{"0":{"name":"(anonymous_0)","decl":{"start":{"line":16,"column":17},"end":{"line":16,"column":18}},"loc":{"start":{"line":16,"column":40},"end":{"line":26,"column":1}},"line":16},"1":{"name":"(anonymous_1)","decl":{"start":{"line":28,"column":25},"end":{"line":28,"column":26}},"loc":{"start":{"line":28,"column":45},"end":{"line":30,"column":1}},"line":28},"2":{"name":"(anonymous_2)","decl":{"start":{"line":32,"column":27},"end":{"line":32,"column":28}},"loc":{"start":{"line":32,"column":47},"end":{"line":34,"column":1}},"line":32},"3":{"name":"(anonymous_3)","decl":{"start":{"line":36,"column":38},"end":{"line":36,"column":39}},"loc":{"start":{"line":36,"column":58},"end":{"line":46,"column":1}},"line":36}},"branchMap":{"0":{"loc":{"start":{"line":18,"column":2},"end":{"line":24,"column":3}},"type":"if","locations":[{"start":{"line":18,"column":2},"end":{"line":24,"column":3}},{"start":{"line":18,"column":2},"end":{"line":24,"column":3}}],"line":18},"1":{"loc":{"start":{"line":37,"column":2},"end":{"line":44,"column":3}},"type":"if","locations":[{"start":{"line":37,"column":2},"end":{"line":44,"column":3}},{"start":{"line":37,"column":2},"end":{"line":44,"column":3}}],"line":37}},"s":{"0":2,"1":2,"2":2,"3":2,"4":2,"5":4,"6":4,"7":0,"8":0,"9":4,"10":2,"11":2,"12":2,"13":2,"14":2,"15":1,"16":0,"17":1},"f":{"0":4,"1":2,"2":2,"3":1},"b":{"0":[0,4],"1":[0,1]},"_coverageSchema":"1a1c01bbd47fc00a2c39e90264f33305004495a9","hash":"64f6a46b76be87c4d3f8373faf62efb997223ccd"}
}
