TN:
SF:app.js
FN:29,(anonymous_0)
FN:43,(anonymous_1)
FN:47,(anonymous_2)
FNF:3
FNH:1
FNDA:0,(anonymous_0)
FNDA:0,(anonymous_1)
FNDA:4,(anonymous_2)
DA:1,2
DA:2,2
DA:3,2
DA:4,2
DA:5,2
DA:6,2
DA:7,2
DA:8,2
DA:10,2
DA:12,2
DA:14,2
DA:15,2
DA:17,2
DA:19,2
DA:21,2
DA:22,2
DA:23,2
DA:24,2
DA:26,2
DA:30,0
DA:39,2
DA:40,2
DA:41,2
DA:43,2
DA:44,0
DA:47,2
DA:48,4
DA:51,2
LF:28
LH:26
BRDA:19,0,0,0
BRDA:19,0,1,2
BRDA:22,1,0,2
BRDA:22,1,1,0
BRDA:48,2,0,4
BRDA:48,2,1,0
BRF:6
BRH:3
end_of_record
TN:
SF:config\passport.js
FN:14,(anonymous_0)
FNF:1
FNH:1
FNDA:11,(anonymous_0)
DA:1,2
DA:2,2
DA:3,2
DA:5,2
DA:6,2
DA:8,2
DA:13,2
DA:15,11
DA:16,11
DA:17,11
DA:18,0
DA:21,11
DA:22,0
DA:24,11
DA:26,0
LF:15
LH:12
BRDA:17,0,0,0
BRDA:17,0,1,11
BRDA:21,1,0,0
BRDA:21,1,1,11
BRF:4
BRH:2
end_of_record
TN:
SF:controllers\cats.js
FN:4,(anonymous_0)
FN:20,(anonymous_1)
FN:44,(anonymous_2)
FN:60,(anonymous_3)
FN:84,(anonymous_4)
FN:108,(anonymous_5)
FNF:6
FNH:4
FNDA:1,(anonymous_0)
FNDA:2,(anonymous_1)
FNDA:1,(anonymous_2)
FNDA:0,(anonymous_3)
FNDA:2,(anonymous_4)
FNDA:0,(anonymous_5)
DA:1,2
DA:2,2
DA:4,2
DA:5,1
DA:6,1
DA:7,1
DA:8,1
DA:16,0
DA:20,2
DA:21,2
DA:22,2
DA:23,2
DA:24,2
DA:25,1
DA:33,1
DA:40,0
DA:44,2
DA:45,1
DA:46,1
DA:47,1
DA:48,1
DA:56,0
DA:60,2
DA:61,0
DA:62,0
DA:63,0
DA:64,0
DA:65,0
DA:73,0
DA:80,0
DA:84,2
DA:85,2
DA:86,2
DA:87,2
DA:88,2
DA:89,1
DA:97,1
DA:104,0
DA:108,2
DA:109,0
DA:110,0
DA:111,0
DA:112,0
DA:113,0
DA:121,0
DA:128,0
DA:132,2
LF:47
LH:29
BRDA:24,0,0,1
BRDA:24,0,1,1
BRDA:64,1,0,0
BRDA:64,1,1,0
BRDA:88,2,0,1
BRDA:88,2,1,1
BRDA:112,3,0,0
BRDA:112,3,1,0
BRF:8
BRH:4
end_of_record
TN:
SF:controllers\users.js
FN:24,(anonymous_0)
FN:52,(anonymous_1)
FN:82,(anonymous_2)
FN:88,(anonymous_3)
FN:130,(anonymous_4)
FNF:5
FNH:4
FNDA:2,(anonymous_0)
FNDA:2,(anonymous_1)
FNDA:0,(anonymous_2)
FNDA:1,(anonymous_3)
FNDA:1,(anonymous_4)
DA:1,2
DA:3,2
DA:5,2
DA:6,2
DA:7,2
DA:9,2
DA:10,2
DA:13,2
DA:16,2
DA:22,2
DA:24,2
DA:25,2
DA:26,2
DA:27,2
DA:28,2
DA:29,1
DA:36,1
DA:37,1
DA:48,0
DA:52,2
DA:53,2
DA:54,2
DA:55,2
DA:56,2
DA:57,2
DA:58,1
DA:65,1
DA:66,1
DA:67,1
DA:68,1
DA:70,1
DA:78,0
DA:82,2
DA:83,0
DA:84,0
DA:85,0
DA:88,2
DA:89,1
DA:90,1
DA:94,1
DA:95,1
DA:96,1
DA:104,0
DA:130,2
DA:131,1
DA:132,1
DA:140,1
DA:141,1
DA:143,0
DA:145,1
DA:148,2
LF:51
LH:44
BRDA:28,0,0,1
BRDA:28,0,1,1
BRDA:57,1,0,1
BRDA:57,1,1,1
BRDA:57,2,0,2
BRDA:57,2,1,1
BRF:6
BRH:6
end_of_record
TN:
SF:helpers\constants.js
FNF:0
FNH:0
DA:1,2
DA:7,2
DA:18,2
LF:3
LH:3
BRF:0
BRH:0
end_of_record
TN:
SF:helpers\guard.js
FN:5,(anonymous_0)
FN:6,(anonymous_1)
FNF:2
FNH:2
FNDA:11,(anonymous_0)
FNDA:11,(anonymous_1)
DA:1,2
DA:2,2
DA:3,2
DA:5,2
DA:6,11
DA:7,11
DA:8,11
DA:9,0
DA:16,11
DA:17,11
DA:20,2
LF:11
LH:10
BRDA:8,0,0,0
BRDA:8,0,1,11
BRDA:8,1,0,11
BRDA:8,1,1,11
BRDA:8,1,2,11
BRF:5
BRH:4
end_of_record
TN:
SF:helpers\rate-limit-req.js
FN:7,(anonymous_0)
FNF:1
FNH:0
FNDA:0,(anonymous_0)
DA:1,2
DA:2,2
DA:4,2
DA:8,0
DA:17,2
LF:5
LH:4
BRF:0
BRH:0
end_of_record
TN:
SF:helpers\upload.js
FN:8,(anonymous_0)
FN:11,(anonymous_1)
FN:19,(anonymous_2)
FNF:3
FNH:3
FNDA:1,(anonymous_0)
FNDA:1,(anonymous_1)
FNDA:1,(anonymous_2)
DA:1,2
DA:2,2
DA:3,2
DA:5,2
DA:7,2
DA:9,1
DA:12,1
DA:16,2
DA:20,1
DA:23,1
DA:24,1
DA:28,0
DA:32,2
LF:13
LH:12
BRDA:20,0,0,1
BRDA:20,0,1,0
BRF:2
BRH:1
end_of_record
TN:
SF:routes\api\cats\index.js
FNF:0
FNH:0
DA:1,2
DA:2,2
DA:3,2
DA:4,2
DA:5,2
DA:7,2
DA:11,2
DA:16,2
DA:23,2
LF:9
LH:9
BRF:0
BRH:0
end_of_record
TN:
SF:routes\api\cats\validation.js
FN:23,(anonymous_0)
FN:35,(anonymous_1)
FN:39,(anonymous_2)
FN:43,(anonymous_3)
FN:47,(anonymous_4)
FNF:5
FNH:3
FNDA:7,(anonymous_0)
FNDA:4,(anonymous_1)
FNDA:3,(anonymous_2)
FNDA:0,(anonymous_3)
FNDA:0,(anonymous_4)
DA:1,2
DA:3,2
DA:9,2
DA:15,2
DA:19,2
DA:23,2
DA:24,7
DA:25,7
DA:26,4
DA:27,4
DA:32,3
DA:35,2
DA:36,4
DA:39,2
DA:40,3
DA:43,2
DA:44,0
DA:47,2
DA:48,0
LF:19
LH:17
BRDA:25,0,0,4
BRDA:25,0,1,3
BRF:2
BRH:2
end_of_record
TN:
SF:routes\api\users\index.js
FNF:0
FNH:0
DA:1,2
DA:2,2
DA:3,2
DA:4,2
DA:5,2
DA:6,2
DA:7,2
DA:9,2
DA:15,2
DA:16,2
DA:17,2
DA:25,2
LF:12
LH:12
BRF:0
BRH:0
end_of_record
TN:
SF:routes\api\users\validation.js
FN:16,(anonymous_0)
FN:28,(anonymous_1)
FN:32,(anonymous_2)
FN:36,(anonymous_3)
FNF:4
FNH:4
FNDA:4,(anonymous_0)
FNDA:2,(anonymous_1)
FNDA:2,(anonymous_2)
FNDA:1,(anonymous_3)
DA:1,2
DA:2,2
DA:4,2
DA:11,2
DA:16,2
DA:17,4
DA:18,4
DA:19,0
DA:20,0
DA:25,4
DA:28,2
DA:29,2
DA:32,2
DA:33,2
DA:36,2
DA:37,1
DA:38,0
DA:45,1
LF:18
LH:15
BRDA:18,0,0,0
BRDA:18,0,1,4
BRDA:37,1,0,0
BRDA:37,1,1,1
BRF:4
BRH:2
end_of_record
